<?xml version="1.0" encoding="UTF-8"?>
<testsuite name="com.aor.numbers.ListDeduplicatorTest" tests="1" skipped="0" failures="0" errors="0" timestamp="2022-10-21T16:39:28" hostname="LAPTOP-TM6BVL61" time="0.031">
  <properties/>
  <testcase name="deduplicate()" classname="com.aor.numbers.ListDeduplicatorTest" time="0.031"/>
  <system-out><![CDATA[]]></system-out>
  <system-err><![CDATA[]]></system-err>
</testsuite>
