<?xml version="1.0" encoding="UTF-8"?>
<testsuite name="com.aor.numbers.DivisibleByFilterTest" tests="1" skipped="0" failures="0" errors="0" timestamp="2022-10-21T16:39:27" hostname="LAPTOP-TM6BVL61" time="0.051">
  <properties/>
  <testcase name="accept()" classname="com.aor.numbers.DivisibleByFilterTest" time="0.051"/>
  <system-out><![CDATA[]]></system-out>
  <system-err><![CDATA[]]></system-err>
</testsuite>
