<?xml version="1.0" encoding="UTF-8"?>
<testsuite name="com.aor.numbers.ListFilterTest" tests="1" skipped="0" failures="0" errors="0" timestamp="2022-10-21T16:39:28" hostname="LAPTOP-TM6BVL61" time="0.039">
  <properties/>
  <testcase name="filter()" classname="com.aor.numbers.ListFilterTest" time="0.039"/>
  <system-out><![CDATA[]]></system-out>
  <system-err><![CDATA[]]></system-err>
</testsuite>
